This is pdfTeX, Version 3.1415926-2.4-1.40.13 (TeX Live 2012) (format=pdflatex 2012.6.30)  9 OCT 2012 12:09
entering extended mode
 restricted \write18 enabled.
 file:line:error style messages enabled.
 %&-line parsing enabled.
**Thesis.tex
(./Thesis.tex
LaTeX2e <2011/06/27>
Babel <v3.8m> and hyphenation patterns for english, dumylang, nohyphenation, ge
rman-x-2012-05-30, ngerman-x-2012-05-30, afrikaans, ancientgreek, ibycus, arabi
c, armenian, basque, bulgarian, catalan, pinyin, coptic, croatian, czech, danis
h, dutch, ukenglish, usenglishmax, esperanto, estonian, ethiopic, farsi, finnis
h, french, friulan, galician, german, ngerman, swissgerman, monogreek, greek, h
ungarian, icelandic, assamese, bengali, gujarati, hindi, kannada, malayalam, ma
rathi, oriya, panjabi, tamil, telugu, indonesian, interlingua, irish, italian, 
kurmanji, latin, latvian, lithuanian, mongolian, mongolianlmc, bokmal, nynorsk,
 polish, portuguese, romanian, romansh, russian, sanskrit, serbian, serbianc, s
lovak, slovenian, spanish, swedish, turkish, turkmen, ukrainian, uppersorbian, 
welsh, loaded.
(/usr/local/texlive/2012/texmf-dist/tex/latex/base/article.cls
Document Class: article 2007/10/19 v1.4h Standard LaTeX document class
(/usr/local/texlive/2012/texmf-dist/tex/latex/base/size12.clo
File: size12.clo 2007/10/19 v1.4h Standard LaTeX file (size option)
)
\c@part=\count79
\c@section=\count80
\c@subsection=\count81
\c@subsubsection=\count82
\c@paragraph=\count83
\c@subparagraph=\count84
\c@figure=\count85
\c@table=\count86
\abovecaptionskip=\skip41
\belowcaptionskip=\skip42
\bibindent=\dimen102
)
(/usr/local/texlive/2012/texmf-dist/tex/latex/geometry/geometry.sty
Package: geometry 2010/09/12 v5.6 Page Geometry

(/usr/local/texlive/2012/texmf-dist/tex/latex/graphics/keyval.sty
Package: keyval 1999/03/16 v1.13 key=value parser (DPC)
\KV@toks@=\toks14
)
(/usr/local/texlive/2012/texmf-dist/tex/generic/oberdiek/ifpdf.sty
Package: ifpdf 2011/01/30 v2.3 Provides the ifpdf switch (HO)
Package ifpdf Info: pdfTeX in PDF mode is detected.
)
(/usr/local/texlive/2012/texmf-dist/tex/generic/oberdiek/ifvtex.sty
Package: ifvtex 2010/03/01 v1.5 Detect VTeX and its facilities (HO)
Package ifvtex Info: VTeX not detected.
)
(/usr/local/texlive/2012/texmf-dist/tex/generic/ifxetex/ifxetex.sty
Package: ifxetex 2010/09/12 v0.6 Provides ifxetex conditional
)
\Gm@cnth=\count87
\Gm@cntv=\count88
\c@Gm@tempcnt=\count89
\Gm@bindingoffset=\dimen103
\Gm@wd@mp=\dimen104
\Gm@odd@mp=\dimen105
\Gm@even@mp=\dimen106
\Gm@layoutwidth=\dimen107
\Gm@layoutheight=\dimen108
\Gm@layouthoffset=\dimen109
\Gm@layoutvoffset=\dimen110
\Gm@dimlist=\toks15
)
(/usr/local/texlive/2012/texmf-dist/tex/latex/parskip/parskip.sty
Package: parskip 2001/04/09 non-zero parskip adjustments
)
(/usr/local/texlive/2012/texmf-dist/tex/latex/graphics/graphicx.sty
Package: graphicx 1999/02/16 v1.0f Enhanced LaTeX Graphics (DPC,SPQR)

(/usr/local/texlive/2012/texmf-dist/tex/latex/graphics/graphics.sty
Package: graphics 2009/02/05 v1.0o Standard LaTeX Graphics (DPC,SPQR)

(/usr/local/texlive/2012/texmf-dist/tex/latex/graphics/trig.sty
Package: trig 1999/03/16 v1.09 sin cos tan (DPC)
)
(/usr/local/texlive/2012/texmf-dist/tex/latex/latexconfig/graphics.cfg
File: graphics.cfg 2010/04/23 v1.9 graphics configuration of TeX Live
)
Package graphics Info: Driver file: pdftex.def on input line 91.

(/usr/local/texlive/2012/texmf-dist/tex/latex/pdftex-def/pdftex.def
File: pdftex.def 2011/05/27 v0.06d Graphics/color for pdfTeX

(/usr/local/texlive/2012/texmf-dist/tex/generic/oberdiek/infwarerr.sty
Package: infwarerr 2010/04/08 v1.3 Providing info/warning/error messages (HO)
)
(/usr/local/texlive/2012/texmf-dist/tex/generic/oberdiek/ltxcmds.sty
Package: ltxcmds 2011/11/09 v1.22 LaTeX kernel commands for general use (HO)
)
\Gread@gobject=\count90
))
\Gin@req@height=\dimen111
\Gin@req@width=\dimen112
)
(/usr/local/texlive/2012/texmf-dist/tex/latex/amsfonts/amssymb.sty
Package: amssymb 2009/06/22 v3.00

(/usr/local/texlive/2012/texmf-dist/tex/latex/amsfonts/amsfonts.sty
Package: amsfonts 2009/06/22 v3.00 Basic AMSFonts support
\@emptytoks=\toks16
\symAMSa=\mathgroup4
\symAMSb=\mathgroup5
LaTeX Font Info:    Overwriting math alphabet `\mathfrak' in version `bold'
(Font)                  U/euf/m/n --> U/euf/b/n on input line 96.
))
(/usr/local/texlive/2012/texmf-dist/tex/latex/oberdiek/epstopdf.sty
Package: epstopdf 2010/02/09 v2.5 Conversion with epstopdf on the fly (HO)

(/usr/local/texlive/2012/texmf-dist/tex/latex/oberdiek/epstopdf-base.sty
Package: epstopdf-base 2010/02/09 v2.5 Base part for package epstopdf

(/usr/local/texlive/2012/texmf-dist/tex/latex/oberdiek/grfext.sty
Package: grfext 2010/08/19 v1.1 Manage graphics extensions (HO)

(/usr/local/texlive/2012/texmf-dist/tex/generic/oberdiek/kvdefinekeys.sty
Package: kvdefinekeys 2011/04/07 v1.3 Define keys (HO)
))
(/usr/local/texlive/2012/texmf-dist/tex/latex/oberdiek/kvoptions.sty
Package: kvoptions 2011/06/30 v3.11 Key value format for package options (HO)

(/usr/local/texlive/2012/texmf-dist/tex/generic/oberdiek/kvsetkeys.sty
Package: kvsetkeys 2012/04/25 v1.16 Key value parser (HO)

(/usr/local/texlive/2012/texmf-dist/tex/generic/oberdiek/etexcmds.sty
Package: etexcmds 2011/02/16 v1.5 Avoid name clashes with e-TeX commands (HO)

(/usr/local/texlive/2012/texmf-dist/tex/generic/oberdiek/ifluatex.sty
Package: ifluatex 2010/03/01 v1.3 Provides the ifluatex switch (HO)
Package ifluatex Info: LuaTeX not detected.
)
Package etexcmds Info: Could not find \expanded.
(etexcmds)             That can mean that you are not using pdfTeX 1.50 or
(etexcmds)             that some package has redefined \expanded.
(etexcmds)             In the latter case, load this package earlier.
)))
(/usr/local/texlive/2012/texmf-dist/tex/generic/oberdiek/pdftexcmds.sty
Package: pdftexcmds 2011/11/29 v0.20 Utility functions of pdfTeX for LuaTeX (HO
)
Package pdftexcmds Info: LuaTeX not detected.
Package pdftexcmds Info: \pdf@primitive is available.
Package pdftexcmds Info: \pdf@ifprimitive is available.
Package pdftexcmds Info: \pdfdraftmode found.
)
Package grfext Info: Graphics extension search list:
(grfext)             [.png,.pdf,.jpg,.mps,.jpeg,.jbig2,.jb2,.PNG,.PDF,.JPG,.JPE
G,.JBIG2,.JB2,.eps]
(grfext)             \AppendGraphicsExtensions on input line 452.

(/usr/local/texlive/2012/texmf-dist/tex/latex/latexconfig/epstopdf-sys.cfg
File: epstopdf-sys.cfg 2010/07/13 v1.3 Configuration of (r)epstopdf for TeX Liv
e
)))
(/usr/local/texlive/2012/texmf-dist/tex/latex/setspace/setspace.sty
Package: setspace 2011/12/19 v6.7a set line spacing
)
(/usr/local/texlive/2012/texmf-dist/tex/latex/fancyvrb/fancyvrb.sty
Package: fancyvrb 2008/02/07

Style option: `fancyvrb' v2.7a, with DG/SPQR fixes, and firstline=lastline fix 
<2008/02/07> (tvz)
\FV@CodeLineNo=\count91
\FV@InFile=\read1
\FV@TabBox=\box26
\c@FancyVerbLine=\count92
\FV@StepNumber=\count93
\FV@OutFile=\write3
)
(/usr/local/texlive/2012/texmf-dist/tex/latex/float/float.sty
Package: float 2001/11/08 v1.3d Float enhancements (AL)
\c@float@type=\count94
\float@exts=\toks17
\float@box=\box27
\@float@everytoks=\toks18
\@floatcapt=\box28
)
(/usr/local/texlive/2012/texmf-dist/tex/latex/datetime/datetime.sty
Package: datetime 2010/09/21 v2.58 Date Time Package

(/usr/local/texlive/2012/texmf-dist/tex/latex/fmtcount/fmtcount.sty
Package: fmtcount 2009/10/02 v1.31

(/usr/local/texlive/2012/texmf-dist/tex/latex/base/ifthen.sty
Package: ifthen 2001/05/26 v1.1c Standard LaTeX ifthen package (DPC)
)
(/usr/local/texlive/2012/texmf-dist/tex/latex/amsmath/amsgen.sty
File: amsgen.sty 1999/11/30 v2.0
\@emptytoks=\toks19
\ex@=\dimen113
)
\c@padzeroesN=\count95

(/usr/local/texlive/2012/texmf-dist/tex/latex/fmtcount/fc-english.def
File: fc-english 2007/05/26
)
(/usr/local/texlive/2012/texmf-dist/tex/latex/fmtcount/fc-UKenglish.def
File: fc-UKenglish 2007/06/14
)
(/usr/local/texlive/2012/texmf-dist/tex/latex/fmtcount/fc-british.def
File: fc-british 2007/06/14
)
(/usr/local/texlive/2012/texmf-dist/tex/latex/fmtcount/fc-USenglish.def
File: fc-USenglish 2007/06/14
)
(/usr/local/texlive/2012/texmf-dist/tex/latex/fmtcount/fc-spanish.def
File: fc-spanish.def 2007/05/26
)
(/usr/local/texlive/2012/texmf-dist/tex/latex/fmtcount/fc-portuges.def
File: fc-portuges.def 2007/05/26
)
(/usr/local/texlive/2012/texmf-dist/tex/latex/fmtcount/fc-french.def
File: fc-french.def 2007/05/26
)
(/usr/local/texlive/2012/texmf-dist/tex/latex/fmtcount/fc-german.def
File: fc-german.def 2007/06/14
)
(/usr/local/texlive/2012/texmf-dist/tex/latex/fmtcount/fc-italian.def
File: fc-italian.def 2009/10/02 Italian support for fmtcount (Edoardo Pasca)
)
No configuration file fmtcount.cfg found.
\@DT@modctr=\count96
\@ordinalctr=\count97
\@orgargctr=\count98
\@strctr=\count99
\@tmpstrctr=\count100
\@DT@loopN=\count101
\@DT@X=\count102
)
\@day=\count103
\@month=\count104
\@year=\count105
\c@HOUR=\count106
\c@HOURXII=\count107
\c@MINUTE=\count108
\c@TOHOUR=\count109
\c@TOMINUTE=\count110
\c@SECOND=\count111
\currenthour=\count112
\currentminute=\count113
\currentsecond=\count114
Package datetime Info: No datetime.cfg file found, using default settings on in
put line 292.
\@dtctr=\count115
\dayofyear=\count116
\dayofweek=\count117
LaTeX Info: Redefining \today on input line 724.
\dt@a=\toks20
\dt@b=\toks21
)
\@float@every@Pseudo Code=\toks22
\c@Pseudo Code=\count118
 (./Thesis.aux (./title.aux) (./originality.aux) (./abstract.aux)
(./Nomenclature.aux))
\openout1 = `Thesis.aux'.

LaTeX Font Info:    Checking defaults for OML/cmm/m/it on input line 20.
LaTeX Font Info:    ... okay on input line 20.
LaTeX Font Info:    Checking defaults for T1/cmr/m/n on input line 20.
LaTeX Font Info:    ... okay on input line 20.
LaTeX Font Info:    Checking defaults for OT1/cmr/m/n on input line 20.
LaTeX Font Info:    ... okay on input line 20.
LaTeX Font Info:    Checking defaults for OMS/cmsy/m/n on input line 20.
LaTeX Font Info:    ... okay on input line 20.
LaTeX Font Info:    Checking defaults for OMX/cmex/m/n on input line 20.
LaTeX Font Info:    ... okay on input line 20.
LaTeX Font Info:    Checking defaults for U/cmr/m/n on input line 20.
LaTeX Font Info:    ... okay on input line 20.

*geometry* driver: auto-detecting
*geometry* detected driver: pdftex
*geometry* verbose mode - [ preamble ] result:
* driver: pdftex
* paper: a4paper
* layout: <same size as paper>
* layoutoffset:(h,v)=(0.0pt,0.0pt)
* modes: 
* h-part:(L,W,R)=(89.62709pt, 418.25368pt, 89.6271pt)
* v-part:(T,H,B)=(101.40665pt, 591.5302pt, 152.11pt)
* \paperwidth=597.50787pt
* \paperheight=845.04684pt
* \textwidth=418.25368pt
* \textheight=591.5302pt
* \oddsidemargin=17.3571pt
* \evensidemargin=17.3571pt
* \topmargin=-7.86334pt
* \headheight=12.0pt
* \headsep=25.0pt
* \topskip=12.0pt
* \footskip=30.0pt
* \marginparwidth=44.0pt
* \marginparsep=10.0pt
* \columnsep=10.0pt
* \skip\footins=10.8pt plus 4.0pt minus 2.0pt
* \hoffset=0.0pt
* \voffset=0.0pt
* \mag=1000
* \@twocolumnfalse
* \@twosidefalse
* \@mparswitchfalse
* \@reversemarginfalse
* (1in=72.27pt=25.4mm, 1cm=28.453pt)

(/usr/local/texlive/2012/texmf-dist/tex/context/base/supp-pdf.mkii
[Loading MPS to PDF converter (version 2006.09.02).]
\scratchcounter=\count119
\scratchdimen=\dimen114
\scratchbox=\box29
\nofMPsegments=\count120
\nofMParguments=\count121
\everyMPshowfont=\toks23
\MPscratchCnt=\count122
\MPscratchDim=\dimen115
\MPnumerator=\count123
\makeMPintoPDFobject=\count124
\everyMPtoPDFconversion=\toks24
)
\openout2 = `title.aux'.

 (./title.tex) [1


{/usr/local/texlive/2012/texmf-var/fonts/map/pdftex/updmap/pdftex.map}]
\openout2 = `originality.aux'.

 (./originality.tex
Underfull \hbox (badness 10000) in paragraph at lines 6--7

 []

) [2


]
\openout2 = `abstract.aux'.

 (./abstract.tex) [3


] [4

] (./Thesis.toc
LaTeX Font Info:    Try loading font information for U+msa on input line 8.

(/usr/local/texlive/2012/texmf-dist/tex/latex/amsfonts/umsa.fd
File: umsa.fd 2009/06/22 v3.00 AMS symbols A
)
LaTeX Font Info:    Try loading font information for U+msb on input line 8.

(/usr/local/texlive/2012/texmf-dist/tex/latex/amsfonts/umsb.fd
File: umsb.fd 2009/06/22 v3.00 AMS symbols B
) [5])
\tf@toc=\write4
\openout4 = `Thesis.toc'.

 [6]
\openout2 = `Nomenclature.aux'.


(./Nomenclature.tex
Underfull \hbox (badness 10000) in paragraph at lines 4--12

 []

) [7

] (./Thesis.lof)
\tf@lof=\write5
\openout5 = `Thesis.lof'.

 [8

]
LaTeX Font Info:    Try loading font information for OMS+cmr on input line 56.

(/usr/local/texlive/2012/texmf-dist/tex/latex/base/omscmr.fd
File: omscmr.fd 1999/05/25 v2.5h Standard LaTeX font definitions
)
LaTeX Font Info:    Font shape `OMS/cmr/m/n' in size <12> not available
(Font)              Font shape `OMS/cmsy/m/n' tried instead on input line 56.
 [9] [10]
Overfull \hbox (15.27794pt too wide) in paragraph at lines 73--74
[]\OT1/cmr/m/n/12 Pham Van's re-search in-ves-ti-gates the is-sues of bandwidth
-hogging and time-sensitivity
 []

[11] [12] [13] <Figures/NetworkStructure.jpg, id=51, 391.4625pt x 305.64188pt>
File: Figures/NetworkStructure.jpg Graphic file (type jpg)

<use Figures/NetworkStructure.jpg>
Package pdftex.def Info: Figures/NetworkStructure.jpg used on input line 86.
(pdftex.def)             Requested size: 426.79134pt x 333.24562pt.

Overfull \hbox (8.53766pt too wide) in paragraph at lines 86--87
 [][] 
 []

[14 <./Figures/NetworkStructure.jpg>]
Missing character: There is no Ò in font cmr12!
Missing character: There is no Ó in font cmr12!
 [15]
Missing character: There is no Õ in font cmr12!
Missing character: There is no Õ in font cmr12!
 [16] [17]
Missing character: There is no Õ in font cmr12!
Missing character: There is no Õ in font cmr12!

<Figures/serverClient.jpg, id=64, 426.59375pt x 249.93375pt>
File: Figures/serverClient.jpg Graphic file (type jpg)

<use Figures/serverClient.jpg>
Package pdftex.def Info: Figures/serverClient.jpg used on input line 133.
(pdftex.def)             Requested size: 426.79134pt x 250.0666pt.

Overfull \hbox (8.53766pt too wide) in paragraph at lines 133--134
 [][] 
 []


Underfull \hbox (badness 10000) in paragraph at lines 123--136

 []

[18] [19] <Figures/nodeConnection.jpg, id=72, 653.44125pt x 373.395pt>
File: Figures/nodeConnection.jpg Graphic file (type jpg)

<use Figures/nodeConnection.jpg>
Package pdftex.def Info: Figures/nodeConnection.jpg used on input line 139.
(pdftex.def)             Requested size: 426.79134pt x 243.87756pt.

Overfull \hbox (8.53766pt too wide) in paragraph at lines 139--140
 [][] 
 []

[20 <./Figures/serverClient.jpg>]
Missing character: There is no Õ in font cmr12!
 [21 <./Figures/nodeConnection.jpg>]
<Figures/sharedMemory.jpg, id=79, 654.94687pt x 456.20438pt>
File: Figures/sharedMemory.jpg Graphic file (type jpg)

<use Figures/sharedMemory.jpg>
Package pdftex.def Info: Figures/sharedMemory.jpg used on input line 152.
(pdftex.def)             Requested size: 426.79134pt x 297.28111pt.

Overfull \hbox (8.53766pt too wide) in paragraph at lines 152--153
 [][] 
 []

[22] [23 <./Figures/sharedMemory.jpg>] [24] [25]
Underfull \hbox (badness 10000) in paragraph at lines 165--184

 []

[26] [27] [28]
Underfull \hbox (badness 10000) in paragraph at lines 194--195

 []

[29]
Missing character: There is no Õ in font cmr12!
 [30] [31] [32]
Missing character: There is no Ò in font cmr12!
Missing character: There is no Ó in font cmr12!
 [33] [34]
<Figures/BufferSize1.jpg, id=122, 642.4pt x 374.39874pt>
File: Figures/BufferSize1.jpg Graphic file (type jpg)

<use Figures/BufferSize1.jpg>
Package pdftex.def Info: Figures/BufferSize1.jpg used on input line 268.
(pdftex.def)             Requested size: 426.79134pt x 248.74352pt.

Overfull \hbox (8.53766pt too wide) in paragraph at lines 268--269
 [][] 
 []


Underfull \hbox (badness 10000) in paragraph at lines 272--274

 []

<Figures/BufferSize2.jpg, id=123, 641.39626pt x 376.40625pt>
File: Figures/BufferSize2.jpg Graphic file (type jpg)

<use Figures/BufferSize2.jpg>
Package pdftex.def Info: Figures/BufferSize2.jpg used on input line 277.
(pdftex.def)             Requested size: 426.79134pt x 250.46782pt.

Overfull \hbox (8.53766pt too wide) in paragraph at lines 277--278
 [][] 
 []

[35 <./Figures/BufferSize1.jpg>]
<Figures/BufferSize3.jpg, id=127, 639.38875pt x 376.40625pt>
File: Figures/BufferSize3.jpg Graphic file (type jpg)

<use Figures/BufferSize3.jpg>
Package pdftex.def Info: Figures/BufferSize3.jpg used on input line 285.
(pdftex.def)             Requested size: 426.79134pt x 251.25468pt.

Overfull \hbox (8.53766pt too wide) in paragraph at lines 285--286
 [][] 
 []


Underfull \hbox (badness 10000) in paragraph at lines 281--288

 []

[36 <./Figures/BufferSize2.jpg>]
<Figures/BufferSize4.jpg, id=131, 636.3775pt x 373.395pt>
File: Figures/BufferSize4.jpg Graphic file (type jpg)

<use Figures/BufferSize4.jpg>
Package pdftex.def Info: Figures/BufferSize4.jpg used on input line 293.
(pdftex.def)             Requested size: 426.79134pt x 250.41833pt.

Overfull \hbox (8.53766pt too wide) in paragraph at lines 293--294
 [][] 
 []


Underfull \hbox (badness 10000) in paragraph at lines 289--296

 []

[37 <./Figures/BufferSize3.jpg>] [38 <./Figures/BufferSize4.jpg>]
<Figures/BufferSize5.jpg, id=139, 635.37375pt x 367.3725pt>
File: Figures/BufferSize5.jpg Graphic file (type jpg)

<use Figures/BufferSize5.jpg>
Package pdftex.def Info: Figures/BufferSize5.jpg used on input line 302.
(pdftex.def)             Requested size: 426.79134pt x 246.77733pt.

Overfull \hbox (8.53766pt too wide) in paragraph at lines 302--303
 [][] 
 []

<Figures/experiment1-3.jpg, id=140, 465.74pt x 393.47pt>
File: Figures/experiment1-3.jpg Graphic file (type jpg)

<use Figures/experiment1-3.jpg>
Package pdftex.def Info: Figures/experiment1-3.jpg used on input line 309.
(pdftex.def)             Requested size: 426.79134pt x 360.57986pt.

Overfull \hbox (8.53766pt too wide) in paragraph at lines 309--310
 [][] 
 []

[39 <./Figures/BufferSize5.jpg>] [40 <./Figures/experiment1-3.jpg>]
<Figures/Experiment2Upper.jpg, id=147, 355.3275pt x 234.8775pt>
File: Figures/Experiment2Upper.jpg Graphic file (type jpg)

<use Figures/Experiment2Upper.jpg>
Package pdftex.def Info: Figures/Experiment2Upper.jpg used on input line 318.
(pdftex.def)             Requested size: 426.79134pt x 282.12396pt.

Overfull \hbox (8.53766pt too wide) in paragraph at lines 318--319
 [][] 
 []

<Figures/Experiment2Lower.jpg, id=148, 356.0803pt x 336.50719pt>
File: Figures/Experiment2Lower.jpg Graphic file (type jpg)

<use Figures/Experiment2Lower.jpg>
Package pdftex.def Info: Figures/Experiment2Lower.jpg used on input line 326.
(pdftex.def)             Requested size: 426.79134pt x 403.3496pt.

Overfull \hbox (8.53766pt too wide) in paragraph at lines 326--327
 [][] 
 []

[41 <./Figures/Experiment2Upper.jpg>] [42 <./Figures/Experiment2Lower.jpg>]
Missing character: There is no Õ in font cmr12!
Missing character: There is no Õ in font cmr12!
Missing character: There is no Õ in font cmr12!
Missing character: There is no Õ in font cmr12!

[43] [44] [45] [46]
Underfull \hbox (badness 10000) in paragraph at lines 353--359

 []

[47] [48] (./Thesis.aux (./title.aux) (./originality.aux) (./abstract.aux)
(./Nomenclature.aux)) ) 
Here is how much of TeX's memory you used:
 3826 strings out of 493488
 58410 string characters out of 3141326
 145393 words of memory out of 3000000
 7006 multiletter control sequences out of 15000+200000
 11580 words of font info for 43 fonts, out of 3000000 for 9000
 957 hyphenation exceptions out of 8191
 42i,6n,24p,1135b,274s stack positions out of 5000i,500n,10000p,200000b,50000s
</usr/local/texlive/2012/texmf-dist/fonts/type1/public/a
msfonts/cm/cmbx10.pfb></usr/local/texlive/2012/texmf-dist/fonts/type1/public/am
sfonts/cm/cmbx12.pfb></usr/local/texlive/2012/texmf-dist/fonts/type1/public/ams
fonts/cm/cmr10.pfb></usr/local/texlive/2012/texmf-dist/fonts/type1/public/amsfo
nts/cm/cmr12.pfb></usr/local/texlive/2012/texmf-dist/fonts/type1/public/amsfont
s/cm/cmr17.pfb></usr/local/texlive/2012/texmf-dist/fonts/type1/public/amsfonts/
cm/cmsy10.pfb></usr/local/texlive/2012/texmf-dist/fonts/type1/public/amsfonts/c
m/cmti12.pfb></usr/local/texlive/2012/texmf-dist/fonts/type1/public/amsfonts/cm
/cmtt10.pfb>
Output written on Thesis.pdf (48 pages, 898395 bytes).
PDF statistics:
 204 PDF objects out of 1000 (max. 8388607)
 132 compressed objects within 2 object streams
 0 named destinations out of 1000 (max. 500000)
 61 words of extra memory for PDF output out of 10000 (max. 10000000)

